2021-11-03 10:56:37,155 Namespace(eval_interval=1, frequent=10, gpus='', num_workers=4, out_dir='out')
2021-11-03 10:56:37,171 => load 200 samples
2021-11-03 10:56:37,171 => load 200 samples
2021-11-03 10:56:41,031 Epoch: [0][0/200]	Time 3.860s (3.860s)	Speed 8.3 samples/s	Data 3.376s (3.376s)	Loss 2.53597 (2.53597)
2021-11-03 10:56:45,611 Epoch: [0][10/200]	Time 0.453s (0.767s)	Speed 70.6 samples/s	Data 0.000s (0.307s)	Loss 2.05202 (2.26256)
2021-11-03 10:56:50,069 Epoch: [0][20/200]	Time 0.469s (0.614s)	Speed 68.3 samples/s	Data 0.000s (0.162s)	Loss 1.76550 (2.08464)
2021-11-03 10:56:54,615 Epoch: [0][30/200]	Time 0.469s (0.563s)	Speed 68.3 samples/s	Data 0.000s (0.110s)	Loss 1.51168 (1.93405)
2021-11-03 10:56:59,229 Epoch: [0][40/200]	Time 0.469s (0.538s)	Speed 68.3 samples/s	Data 0.000s (0.083s)	Loss 1.28993 (1.80072)
2021-11-03 10:57:03,834 Epoch: [0][50/200]	Time 0.453s (0.523s)	Speed 70.6 samples/s	Data 0.000s (0.068s)	Loss 1.09839 (1.68026)
2021-11-03 10:57:08,313 Epoch: [0][60/200]	Time 0.453s (0.511s)	Speed 70.6 samples/s	Data 0.000s (0.057s)	Loss 0.92881 (1.56886)
2021-11-03 10:57:12,841 Epoch: [0][70/200]	Time 0.437s (0.502s)	Speed 73.2 samples/s	Data 0.000s (0.049s)	Loss 0.77206 (1.46714)
2021-11-03 10:57:17,402 Epoch: [0][80/200]	Time 0.500s (0.497s)	Speed 64.0 samples/s	Data 0.016s (0.043s)	Loss 0.66069 (1.37383)
2021-11-03 10:57:21,901 Epoch: [0][90/200]	Time 0.453s (0.492s)	Speed 70.6 samples/s	Data 0.000s (0.038s)	Loss 0.58098 (1.28973)
2021-11-03 10:57:26,400 Epoch: [0][100/200]	Time 0.469s (0.487s)	Speed 68.3 samples/s	Data 0.000s (0.035s)	Loss 0.48759 (1.21398)
2021-11-03 10:57:30,964 Epoch: [0][110/200]	Time 0.453s (0.485s)	Speed 70.6 samples/s	Data 0.000s (0.032s)	Loss 0.41684 (1.14547)
2021-11-03 10:57:35,426 Epoch: [0][120/200]	Time 0.453s (0.481s)	Speed 70.6 samples/s	Data 0.000s (0.029s)	Loss 0.36569 (1.08368)
2021-11-03 10:57:39,909 Epoch: [0][130/200]	Time 0.453s (0.479s)	Speed 70.6 samples/s	Data 0.000s (0.027s)	Loss 0.34710 (1.02763)
2021-11-03 10:57:44,370 Epoch: [0][140/200]	Time 0.422s (0.477s)	Speed 75.9 samples/s	Data 0.000s (0.025s)	Loss 0.31034 (0.97776)
2021-11-03 10:57:48,897 Epoch: [0][150/200]	Time 0.469s (0.475s)	Speed 68.3 samples/s	Data 0.000s (0.023s)	Loss 0.28811 (0.93222)
2021-11-03 10:57:53,333 Epoch: [0][160/200]	Time 0.469s (0.473s)	Speed 68.3 samples/s	Data 0.016s (0.022s)	Loss 0.26920 (0.89116)
2021-11-03 10:57:57,900 Epoch: [0][170/200]	Time 0.453s (0.472s)	Speed 70.6 samples/s	Data 0.000s (0.021s)	Loss 0.25952 (0.85384)
2021-11-03 10:58:02,446 Epoch: [0][180/200]	Time 0.453s (0.471s)	Speed 70.6 samples/s	Data 0.000s (0.020s)	Loss 0.23178 (0.81992)
2021-11-03 10:58:07,008 Epoch: [0][190/200]	Time 0.437s (0.470s)	Speed 73.2 samples/s	Data 0.000s (0.019s)	Loss 0.20751 (0.78835)
2021-11-03 10:58:12,135 Test: [0/200]	Time 0.903 (0.903)	Loss 0.4936 (0.4936)
2021-11-03 10:58:15,540 Test: [10/200]	Time 0.047 (0.392)	Loss 0.1540 (0.3929)
2021-11-03 10:58:15,915 Test: [20/200]	Time 0.047 (0.223)	Loss 0.2945 (0.4076)
2021-11-03 10:58:16,306 Test: [30/200]	Time 0.047 (0.164)	Loss 0.6040 (0.4159)
2021-11-03 10:58:16,681 Test: [40/200]	Time 0.031 (0.133)	Loss 0.4398 (0.4320)
2021-11-03 10:58:17,087 Test: [50/200]	Time 0.047 (0.115)	Loss 0.5331 (0.4368)
2021-11-03 10:58:17,540 Test: [60/200]	Time 0.031 (0.103)	Loss 0.5083 (0.4381)
2021-11-03 10:58:17,946 Test: [70/200]	Time 0.031 (0.095)	Loss 0.4197 (0.4364)
2021-11-03 10:58:18,337 Test: [80/200]	Time 0.031 (0.088)	Loss 0.5220 (0.4308)
2021-11-03 10:58:18,743 Test: [90/200]	Time 0.031 (0.083)	Loss 0.5250 (0.4346)
2021-11-03 10:58:19,133 Test: [100/200]	Time 0.031 (0.078)	Loss 0.5328 (0.4329)
2021-11-03 10:58:19,540 Test: [110/200]	Time 0.031 (0.075)	Loss 0.5154 (0.4347)
2021-11-03 10:58:19,914 Test: [120/200]	Time 0.031 (0.072)	Loss 0.4915 (0.4325)
2021-11-03 10:58:20,315 Test: [130/200]	Time 0.025 (0.069)	Loss 0.4188 (0.4373)
2021-11-03 10:58:20,721 Test: [140/200]	Time 0.047 (0.067)	Loss 0.3864 (0.4360)
2021-11-03 10:58:21,112 Test: [150/200]	Time 0.047 (0.065)	Loss 0.4788 (0.4350)
2021-11-03 10:58:21,518 Test: [160/200]	Time 0.047 (0.064)	Loss 0.4644 (0.4346)
2021-11-03 10:58:21,924 Test: [170/200]	Time 0.047 (0.063)	Loss 0.3116 (0.4317)
2021-11-03 10:58:22,315 Test: [180/200]	Time 0.031 (0.061)	Loss 0.3479 (0.4294)
2021-11-03 10:58:22,721 Test: [190/200]	Time 0.031 (0.060)	Loss 0.3770 (0.4308)
2021-11-03 10:58:24,267 Mean IoU score: 0.166
2021-11-03 10:58:24,267 => saving checkpoint to out
2021-11-03 10:58:28,642 Epoch: [1][0/200]	Time 4.344s (4.344s)	Speed 7.4 samples/s	Data 3.875s (3.875s)	Loss 0.20076 (0.20076)
2021-11-03 10:58:33,379 Epoch: [1][10/200]	Time 0.453s (0.825s)	Speed 70.6 samples/s	Data 0.000s (0.352s)	Loss 0.20043 (0.20782)
2021-11-03 10:58:37,909 Epoch: [1][20/200]	Time 0.453s (0.648s)	Speed 70.6 samples/s	Data 0.000s (0.185s)	Loss 0.24978 (0.20398)
2021-11-03 10:58:42,769 Epoch: [1][30/200]	Time 0.469s (0.596s)	Speed 68.3 samples/s	Data 0.000s (0.126s)	Loss 0.16522 (0.20043)
2021-11-03 10:58:47,627 Epoch: [1][40/200]	Time 0.484s (0.569s)	Speed 66.1 samples/s	Data 0.000s (0.095s)	Loss 0.17621 (0.19505)
2021-11-03 10:58:52,576 Epoch: [1][50/200]	Time 0.516s (0.554s)	Speed 62.1 samples/s	Data 0.000s (0.077s)	Loss 0.15204 (0.19084)
2021-11-03 10:58:57,266 Epoch: [1][60/200]	Time 0.484s (0.540s)	Speed 66.1 samples/s	Data 0.000s (0.064s)	Loss 0.16266 (0.18680)
2021-11-03 10:59:01,859 Epoch: [1][70/200]	Time 0.453s (0.529s)	Speed 70.6 samples/s	Data 0.000s (0.055s)	Loss 0.15764 (0.18272)
2021-11-03 10:59:06,502 Epoch: [1][80/200]	Time 0.469s (0.521s)	Speed 68.3 samples/s	Data 0.000s (0.049s)	Loss 0.11820 (0.17792)
2021-11-03 10:59:11,192 Epoch: [1][90/200]	Time 0.469s (0.515s)	Speed 68.3 samples/s	Data 0.000s (0.043s)	Loss 0.13757 (0.17330)
2021-11-03 10:59:15,834 Epoch: [1][100/200]	Time 0.437s (0.510s)	Speed 73.2 samples/s	Data 0.000s (0.039s)	Loss 0.12940 (0.17032)
2021-11-03 10:59:20,520 Epoch: [1][110/200]	Time 0.500s (0.507s)	Speed 64.0 samples/s	Data 0.000s (0.036s)	Loss 0.12083 (0.16699)
2021-11-03 10:59:25,147 Epoch: [1][120/200]	Time 0.469s (0.503s)	Speed 68.3 samples/s	Data 0.000s (0.033s)	Loss 0.10686 (0.16293)
2021-11-03 10:59:29,792 Epoch: [1][130/200]	Time 0.448s (0.500s)	Speed 71.5 samples/s	Data 0.000s (0.031s)	Loss 0.10249 (0.15915)
2021-11-03 10:59:34,557 Epoch: [1][140/200]	Time 0.469s (0.498s)	Speed 68.3 samples/s	Data 0.000s (0.029s)	Loss 0.12451 (0.15569)
2021-11-03 10:59:39,243 Epoch: [1][150/200]	Time 0.469s (0.496s)	Speed 68.3 samples/s	Data 0.000s (0.027s)	Loss 0.09236 (0.15226)
2021-11-03 10:59:43,936 Epoch: [1][160/200]	Time 0.437s (0.495s)	Speed 73.2 samples/s	Data 0.000s (0.025s)	Loss 0.10581 (0.14920)
2021-11-03 10:59:48,638 Epoch: [1][170/200]	Time 0.453s (0.493s)	Speed 70.6 samples/s	Data 0.000s (0.024s)	Loss 0.09176 (0.14627)
2021-11-03 10:59:53,350 Epoch: [1][180/200]	Time 0.484s (0.492s)	Speed 66.1 samples/s	Data 0.000s (0.023s)	Loss 0.09658 (0.14341)
2021-11-03 10:59:57,963 Epoch: [1][190/200]	Time 0.453s (0.490s)	Speed 70.6 samples/s	Data 0.000s (0.022s)	Loss 0.09351 (0.14065)
2021-11-03 11:00:03,165 Test: [0/200]	Time 0.969 (0.969)	Loss 0.2380 (0.2380)
2021-11-03 11:00:03,493 Test: [10/200]	Time 0.031 (0.118)	Loss 0.0583 (0.1760)
2021-11-03 11:00:03,884 Test: [20/200]	Time 0.031 (0.080)	Loss 0.1298 (0.1778)
2021-11-03 11:00:04,305 Test: [30/200]	Time 0.047 (0.068)	Loss 0.2648 (0.1867)
2021-11-03 11:00:04,680 Test: [40/200]	Time 0.047 (0.061)	Loss 0.1722 (0.1941)
2021-11-03 11:00:05,055 Test: [50/200]	Time 0.031 (0.056)	Loss 0.2535 (0.1947)
2021-11-03 11:00:05,430 Test: [60/200]	Time 0.031 (0.053)	Loss 0.2306 (0.1963)
2021-11-03 11:00:05,790 Test: [70/200]	Time 0.031 (0.051)	Loss 0.1714 (0.1960)
2021-11-03 11:00:06,196 Test: [80/200]	Time 0.062 (0.049)	Loss 0.2613 (0.1934)
2021-11-03 11:00:06,555 Test: [90/200]	Time 0.047 (0.048)	Loss 0.2580 (0.1955)
2021-11-03 11:00:06,914 Test: [100/200]	Time 0.031 (0.047)	Loss 0.2730 (0.1943)
2021-11-03 11:00:07,305 Test: [110/200]	Time 0.047 (0.046)	Loss 0.2556 (0.1947)
2021-11-03 11:00:07,695 Test: [120/200]	Time 0.031 (0.045)	Loss 0.2290 (0.1933)
2021-11-03 11:00:08,148 Test: [130/200]	Time 0.047 (0.045)	Loss 0.1685 (0.1955)
2021-11-03 11:00:08,555 Test: [140/200]	Time 0.047 (0.045)	Loss 0.1745 (0.1950)
2021-11-03 11:00:08,945 Test: [150/200]	Time 0.047 (0.045)	Loss 0.1994 (0.1939)
2021-11-03 11:00:09,320 Test: [160/200]	Time 0.031 (0.044)	Loss 0.2203 (0.1937)
2021-11-03 11:00:09,710 Test: [170/200]	Time 0.031 (0.044)	Loss 0.1334 (0.1920)
2021-11-03 11:00:10,117 Test: [180/200]	Time 0.047 (0.044)	Loss 0.1455 (0.1909)
2021-11-03 11:00:10,516 Test: [190/200]	Time 0.034 (0.044)	Loss 0.1281 (0.1916)
2021-11-03 11:00:11,962 Mean IoU score: 0.597
2021-11-03 11:00:11,962 => saving checkpoint to out
2021-11-03 11:00:16,554 Epoch: [2][0/200]	Time 4.561s (4.561s)	Speed 7.0 samples/s	Data 4.077s (4.077s)	Loss 0.07133 (0.07133)
2021-11-03 11:00:21,366 Epoch: [2][10/200]	Time 0.469s (0.852s)	Speed 68.3 samples/s	Data 0.000s (0.372s)	Loss 0.08122 (0.08209)
2021-11-03 11:00:26,083 Epoch: [2][20/200]	Time 0.453s (0.671s)	Speed 70.6 samples/s	Data 0.000s (0.196s)	Loss 0.07769 (0.07874)
2021-11-03 11:00:30,884 Epoch: [2][30/200]	Time 0.483s (0.609s)	Speed 66.3 samples/s	Data 0.000s (0.133s)	Loss 0.06742 (0.07575)
2021-11-03 11:00:35,633 Epoch: [2][40/200]	Time 0.469s (0.577s)	Speed 68.3 samples/s	Data 0.000s (0.101s)	Loss 0.06682 (0.07499)
2021-11-03 11:00:40,459 Epoch: [2][50/200]	Time 0.500s (0.558s)	Speed 64.0 samples/s	Data 0.000s (0.081s)	Loss 0.06004 (0.07339)
2021-11-03 11:00:45,234 Epoch: [2][60/200]	Time 0.469s (0.545s)	Speed 68.3 samples/s	Data 0.000s (0.068s)	Loss 0.05844 (0.07197)
2021-11-03 11:00:50,045 Epoch: [2][70/200]	Time 0.500s (0.536s)	Speed 64.0 samples/s	Data 0.000s (0.059s)	Loss 0.07175 (0.07046)
2021-11-03 11:00:54,830 Epoch: [2][80/200]	Time 0.484s (0.529s)	Speed 66.1 samples/s	Data 0.016s (0.052s)	Loss 0.06081 (0.06927)
2021-11-03 11:00:59,573 Epoch: [2][90/200]	Time 0.437s (0.523s)	Speed 73.2 samples/s	Data 0.000s (0.046s)	Loss 0.05239 (0.06790)
2021-11-03 11:01:04,368 Epoch: [2][100/200]	Time 0.484s (0.519s)	Speed 66.1 samples/s	Data 0.000s (0.042s)	Loss 0.06007 (0.06652)
2021-11-03 11:01:09,134 Epoch: [2][110/200]	Time 0.500s (0.515s)	Speed 64.0 samples/s	Data 0.000s (0.038s)	Loss 0.05226 (0.06588)
2021-11-03 11:01:13,901 Epoch: [2][120/200]	Time 0.531s (0.512s)	Speed 60.2 samples/s	Data 0.000s (0.035s)	Loss 0.05647 (0.06476)
2021-11-03 11:01:18,650 Epoch: [2][130/200]	Time 0.469s (0.509s)	Speed 68.3 samples/s	Data 0.000s (0.032s)	Loss 0.05675 (0.06380)
2021-11-03 11:01:23,461 Epoch: [2][140/200]	Time 0.484s (0.507s)	Speed 66.1 samples/s	Data 0.000s (0.030s)	Loss 0.05918 (0.06303)
2021-11-03 11:01:28,321 Epoch: [2][150/200]	Time 0.484s (0.505s)	Speed 66.1 samples/s	Data 0.000s (0.028s)	Loss 0.04421 (0.06241)
2021-11-03 11:01:33,072 Epoch: [2][160/200]	Time 0.497s (0.504s)	Speed 64.4 samples/s	Data 0.000s (0.026s)	Loss 0.04097 (0.06147)
2021-11-03 11:01:37,805 Epoch: [2][170/200]	Time 0.484s (0.502s)	Speed 66.1 samples/s	Data 0.000s (0.025s)	Loss 0.04716 (0.06059)
2021-11-03 11:01:42,480 Epoch: [2][180/200]	Time 0.484s (0.500s)	Speed 66.1 samples/s	Data 0.000s (0.023s)	Loss 0.04365 (0.05964)
2021-11-03 11:01:47,208 Epoch: [2][190/200]	Time 0.453s (0.499s)	Speed 70.6 samples/s	Data 0.000s (0.022s)	Loss 0.05164 (0.05886)
2021-11-03 11:01:52,534 Test: [0/200]	Time 0.984 (0.984)	Loss 0.1115 (0.1115)
2021-11-03 11:01:52,933 Test: [10/200]	Time 0.039 (0.126)	Loss 0.0282 (0.1045)
2021-11-03 11:01:53,311 Test: [20/200]	Time 0.031 (0.084)	Loss 0.0784 (0.1098)
2021-11-03 11:01:53,717 Test: [30/200]	Time 0.031 (0.070)	Loss 0.1686 (0.1162)
2021-11-03 11:01:54,092 Test: [40/200]	Time 0.031 (0.062)	Loss 0.1125 (0.1202)
2021-11-03 11:01:54,435 Test: [50/200]	Time 0.031 (0.057)	Loss 0.1565 (0.1206)
2021-11-03 11:01:54,810 Test: [60/200]	Time 0.047 (0.053)	Loss 0.1389 (0.1239)
2021-11-03 11:01:55,170 Test: [70/200]	Time 0.047 (0.051)	Loss 0.1137 (0.1236)
2021-11-03 11:01:55,560 Test: [80/200]	Time 0.047 (0.050)	Loss 0.1357 (0.1216)
2021-11-03 11:01:55,935 Test: [90/200]	Time 0.031 (0.048)	Loss 0.1644 (0.1236)
2021-11-03 11:01:56,310 Test: [100/200]	Time 0.031 (0.047)	Loss 0.1673 (0.1229)
2021-11-03 11:01:56,712 Test: [110/200]	Time 0.043 (0.047)	Loss 0.1799 (0.1237)
2021-11-03 11:01:57,118 Test: [120/200]	Time 0.031 (0.046)	Loss 0.1458 (0.1222)
2021-11-03 11:01:57,509 Test: [130/200]	Time 0.031 (0.045)	Loss 0.1241 (0.1233)
2021-11-03 11:01:57,899 Test: [140/200]	Time 0.047 (0.045)	Loss 0.0894 (0.1226)
2021-11-03 11:01:58,290 Test: [150/200]	Time 0.047 (0.045)	Loss 0.1119 (0.1216)
2021-11-03 11:01:58,665 Test: [160/200]	Time 0.031 (0.044)	Loss 0.1345 (0.1212)
2021-11-03 11:01:59,086 Test: [170/200]	Time 0.047 (0.044)	Loss 0.1182 (0.1202)
2021-11-03 11:01:59,493 Test: [180/200]	Time 0.047 (0.044)	Loss 0.1049 (0.1193)
2021-11-03 11:02:00,039 Test: [190/200]	Time 0.062 (0.044)	Loss 0.0842 (0.1195)
2021-11-03 11:02:01,851 Mean IoU score: 0.738
2021-11-03 11:02:01,851 => saving checkpoint to out
2021-11-03 11:02:06,350 Epoch: [3][0/200]	Time 4.468s (4.468s)	Speed 7.2 samples/s	Data 3.640s (3.640s)	Loss 0.03857 (0.03857)
2021-11-03 11:02:11,365 Epoch: [3][10/200]	Time 0.406s (0.862s)	Speed 78.8 samples/s	Data 0.000s (0.332s)	Loss 0.04109 (0.04112)
2021-11-03 11:02:15,902 Epoch: [3][20/200]	Time 0.484s (0.668s)	Speed 66.1 samples/s	Data 0.000s (0.175s)	Loss 0.06060 (0.04019)
2021-11-03 11:02:20,494 Epoch: [3][30/200]	Time 0.453s (0.600s)	Speed 70.6 samples/s	Data 0.000s (0.118s)	Loss 0.02721 (0.03945)
2021-11-03 11:02:25,024 Epoch: [3][40/200]	Time 0.422s (0.564s)	Speed 75.9 samples/s	Data 0.000s (0.090s)	Loss 0.03565 (0.03904)
2021-11-03 11:02:29,633 Epoch: [3][50/200]	Time 0.437s (0.544s)	Speed 73.2 samples/s	Data 0.000s (0.073s)	Loss 0.03003 (0.03815)
2021-11-03 11:02:34,229 Epoch: [3][60/200]	Time 0.453s (0.530s)	Speed 70.6 samples/s	Data 0.000s (0.061s)	Loss 0.03151 (0.03741)
2021-11-03 11:02:38,904 Epoch: [3][70/200]	Time 0.484s (0.521s)	Speed 66.1 samples/s	Data 0.000s (0.052s)	Loss 0.03515 (0.03704)
2021-11-03 11:02:43,670 Epoch: [3][80/200]	Time 0.500s (0.516s)	Speed 64.0 samples/s	Data 0.000s (0.046s)	Loss 0.02676 (0.03675)
2021-11-03 11:02:48,372 Epoch: [3][90/200]	Time 0.453s (0.511s)	Speed 70.6 samples/s	Data 0.000s (0.041s)	Loss 0.03076 (0.03640)
2021-11-03 11:02:52,996 Epoch: [3][100/200]	Time 0.484s (0.506s)	Speed 66.1 samples/s	Data 0.000s (0.037s)	Loss 0.03410 (0.03617)
2021-11-03 11:02:57,680 Epoch: [3][110/200]	Time 0.484s (0.503s)	Speed 66.1 samples/s	Data 0.000s (0.034s)	Loss 0.02854 (0.03590)
2021-11-03 11:03:02,382 Epoch: [3][120/200]	Time 0.469s (0.500s)	Speed 68.3 samples/s	Data 0.000s (0.031s)	Loss 0.03936 (0.03571)
2021-11-03 11:03:07,064 Epoch: [3][130/200]	Time 0.422s (0.498s)	Speed 75.9 samples/s	Data 0.000s (0.029s)	Loss 0.03392 (0.03554)
2021-11-03 11:03:11,728 Epoch: [3][140/200]	Time 0.481s (0.495s)	Speed 66.5 samples/s	Data 0.000s (0.027s)	Loss 0.03335 (0.03532)
2021-11-03 11:03:16,408 Epoch: [3][150/200]	Time 0.453s (0.494s)	Speed 70.6 samples/s	Data 0.000s (0.025s)	Loss 0.02839 (0.03527)
2021-11-03 11:03:21,375 Epoch: [3][160/200]	Time 0.500s (0.494s)	Speed 64.0 samples/s	Data 0.000s (0.024s)	Loss 0.03057 (0.03530)
2021-11-03 11:03:25,999 Epoch: [3][170/200]	Time 0.469s (0.492s)	Speed 68.3 samples/s	Data 0.000s (0.022s)	Loss 0.03951 (0.03520)
2021-11-03 11:03:30,788 Epoch: [3][180/200]	Time 0.469s (0.491s)	Speed 68.3 samples/s	Data 0.000s (0.021s)	Loss 0.03325 (0.03496)
2021-11-03 11:03:35,739 Epoch: [3][190/200]	Time 0.513s (0.491s)	Speed 62.4 samples/s	Data 0.000s (0.020s)	Loss 0.02574 (0.03476)
2021-11-03 11:03:41,192 Test: [0/200]	Time 1.048 (1.048)	Loss 0.1315 (0.1315)
2021-11-03 11:03:41,630 Test: [10/200]	Time 0.047 (0.135)	Loss 0.0252 (0.0971)
2021-11-03 11:03:42,013 Test: [20/200]	Time 0.031 (0.089)	Loss 0.0549 (0.1042)
2021-11-03 11:03:42,419 Test: [30/200]	Time 0.031 (0.073)	Loss 0.1574 (0.1095)
2021-11-03 11:03:42,794 Test: [40/200]	Time 0.031 (0.065)	Loss 0.0928 (0.1145)
2021-11-03 11:03:43,169 Test: [50/200]	Time 0.031 (0.059)	Loss 0.1651 (0.1140)
2021-11-03 11:03:43,544 Test: [60/200]	Time 0.031 (0.056)	Loss 0.1410 (0.1167)
2021-11-03 11:03:43,950 Test: [70/200]	Time 0.031 (0.054)	Loss 0.1153 (0.1170)
2021-11-03 11:03:44,325 Test: [80/200]	Time 0.047 (0.052)	Loss 0.1211 (0.1139)
2021-11-03 11:03:44,684 Test: [90/200]	Time 0.047 (0.050)	Loss 0.1774 (0.1168)
2021-11-03 11:03:45,043 Test: [100/200]	Time 0.031 (0.049)	Loss 0.1558 (0.1164)
2021-11-03 11:03:45,434 Test: [110/200]	Time 0.047 (0.048)	Loss 0.1810 (0.1177)
2021-11-03 11:03:45,840 Test: [120/200]	Time 0.047 (0.047)	Loss 0.1360 (0.1161)
2021-11-03 11:03:46,231 Test: [130/200]	Time 0.031 (0.046)	Loss 0.1323 (0.1172)
2021-11-03 11:03:46,621 Test: [140/200]	Time 0.031 (0.046)	Loss 0.1318 (0.1164)
2021-11-03 11:03:46,996 Test: [150/200]	Time 0.047 (0.045)	Loss 0.0850 (0.1152)
2021-11-03 11:03:47,387 Test: [160/200]	Time 0.047 (0.045)	Loss 0.1124 (0.1149)
2021-11-03 11:03:47,793 Test: [170/200]	Time 0.047 (0.045)	Loss 0.1192 (0.1141)
2021-11-03 11:03:48,183 Test: [180/200]	Time 0.047 (0.044)	Loss 0.1033 (0.1133)
2021-11-03 11:03:48,558 Test: [190/200]	Time 0.047 (0.044)	Loss 0.0753 (0.1132)
2021-11-03 11:03:50,667 Mean IoU score: 0.739
2021-11-03 11:03:50,667 => saving checkpoint to out
2021-11-03 11:03:54,979 Epoch: [4][0/200]	Time 4.280s (4.280s)	Speed 7.5 samples/s	Data 3.733s (3.733s)	Loss 0.03403 (0.03403)
2021-11-03 11:03:59,745 Epoch: [4][10/200]	Time 0.469s (0.822s)	Speed 68.3 samples/s	Data 0.016s (0.344s)	Loss 0.02531 (0.02888)
2021-11-03 11:04:04,369 Epoch: [4][20/200]	Time 0.453s (0.651s)	Speed 70.6 samples/s	Data 0.000s (0.181s)	Loss 0.02399 (0.02758)
2021-11-03 11:04:09,013 Epoch: [4][30/200]	Time 0.437s (0.591s)	Speed 73.2 samples/s	Data 0.000s (0.123s)	Loss 0.02295 (0.02707)
2021-11-03 11:04:13,668 Epoch: [4][40/200]	Time 0.484s (0.560s)	Speed 66.1 samples/s	Data 0.000s (0.093s)	Loss 0.02373 (0.02721)
2021-11-03 11:04:18,343 Epoch: [4][50/200]	Time 0.453s (0.542s)	Speed 70.6 samples/s	Data 0.000s (0.075s)	Loss 0.02279 (0.02680)
2021-11-03 11:04:23,026 Epoch: [4][60/200]	Time 0.484s (0.530s)	Speed 66.1 samples/s	Data 0.000s (0.062s)	Loss 0.02046 (0.02625)
2021-11-03 11:04:27,696 Epoch: [4][70/200]	Time 0.453s (0.521s)	Speed 70.6 samples/s	Data 0.000s (0.054s)	Loss 0.02560 (0.02623)
2021-11-03 11:04:32,508 Epoch: [4][80/200]	Time 0.516s (0.516s)	Speed 62.1 samples/s	Data 0.000s (0.047s)	Loss 0.02379 (0.02598)
2021-11-03 11:04:37,375 Epoch: [4][90/200]	Time 0.444s (0.513s)	Speed 72.1 samples/s	Data 0.000s (0.042s)	Loss 0.02619 (0.02569)
2021-11-03 11:04:41,921 Epoch: [4][100/200]	Time 0.406s (0.507s)	Speed 78.8 samples/s	Data 0.000s (0.038s)	Loss 0.02456 (0.02565)
2021-11-03 11:04:46,732 Epoch: [4][110/200]	Time 0.516s (0.505s)	Speed 62.1 samples/s	Data 0.000s (0.035s)	Loss 0.02554 (0.02570)
2021-11-03 11:04:51,497 Epoch: [4][120/200]	Time 0.453s (0.502s)	Speed 70.6 samples/s	Data 0.000s (0.032s)	Loss 0.02705 (0.02559)
2021-11-03 11:04:56,205 Epoch: [4][130/200]	Time 0.437s (0.500s)	Speed 73.2 samples/s	Data 0.000s (0.030s)	Loss 0.02294 (0.02551)
2021-11-03 11:05:00,763 Epoch: [4][140/200]	Time 0.469s (0.497s)	Speed 68.3 samples/s	Data 0.000s (0.028s)	Loss 0.02318 (0.02555)
2021-11-03 11:05:05,340 Epoch: [4][150/200]	Time 0.469s (0.494s)	Speed 68.3 samples/s	Data 0.000s (0.026s)	Loss 0.01997 (0.02546)
2021-11-03 11:05:09,923 Epoch: [4][160/200]	Time 0.422s (0.492s)	Speed 75.9 samples/s	Data 0.000s (0.025s)	Loss 0.02198 (0.02522)
2021-11-03 11:05:14,433 Epoch: [4][170/200]	Time 0.469s (0.490s)	Speed 68.3 samples/s	Data 0.000s (0.024s)	Loss 0.01896 (0.02509)
2021-11-03 11:05:19,026 Epoch: [4][180/200]	Time 0.484s (0.488s)	Speed 66.1 samples/s	Data 0.016s (0.022s)	Loss 0.03783 (0.02507)
2021-11-03 11:05:23,740 Epoch: [4][190/200]	Time 0.531s (0.487s)	Speed 60.2 samples/s	Data 0.000s (0.021s)	Loss 0.02460 (0.02497)
2021-11-03 11:05:28,911 Test: [0/200]	Time 0.953 (0.953)	Loss 0.0991 (0.0991)
2021-11-03 11:05:29,286 Test: [10/200]	Time 0.031 (0.121)	Loss 0.0219 (0.0727)
2021-11-03 11:05:29,630 Test: [20/200]	Time 0.031 (0.080)	Loss 0.0474 (0.0728)
2021-11-03 11:05:29,973 Test: [30/200]	Time 0.031 (0.065)	Loss 0.1448 (0.0796)
2021-11-03 11:05:30,348 Test: [40/200]	Time 0.031 (0.058)	Loss 0.0537 (0.0811)
2021-11-03 11:05:30,707 Test: [50/200]	Time 0.031 (0.054)	Loss 0.1062 (0.0806)
2021-11-03 11:05:31,067 Test: [60/200]	Time 0.047 (0.051)	Loss 0.1110 (0.0834)
2021-11-03 11:05:31,457 Test: [70/200]	Time 0.047 (0.049)	Loss 0.0754 (0.0825)
2021-11-03 11:05:31,832 Test: [80/200]	Time 0.031 (0.048)	Loss 0.1026 (0.0808)
2021-11-03 11:05:32,215 Test: [90/200]	Time 0.031 (0.047)	Loss 0.1007 (0.0823)
2021-11-03 11:05:32,605 Test: [100/200]	Time 0.047 (0.046)	Loss 0.1419 (0.0822)
2021-11-03 11:05:32,965 Test: [110/200]	Time 0.031 (0.045)	Loss 0.1357 (0.0827)
2021-11-03 11:05:33,340 Test: [120/200]	Time 0.031 (0.044)	Loss 0.0987 (0.0818)
2021-11-03 11:05:33,746 Test: [130/200]	Time 0.047 (0.044)	Loss 0.0797 (0.0823)
2021-11-03 11:05:34,089 Test: [140/200]	Time 0.031 (0.043)	Loss 0.0670 (0.0819)
2021-11-03 11:05:34,464 Test: [150/200]	Time 0.031 (0.043)	Loss 0.0624 (0.0806)
2021-11-03 11:05:34,824 Test: [160/200]	Time 0.031 (0.043)	Loss 0.0852 (0.0803)
2021-11-03 11:05:35,183 Test: [170/200]	Time 0.031 (0.042)	Loss 0.0641 (0.0797)
2021-11-03 11:05:35,589 Test: [180/200]	Time 0.031 (0.042)	Loss 0.0552 (0.0789)
2021-11-03 11:05:35,948 Test: [190/200]	Time 0.031 (0.042)	Loss 0.0423 (0.0789)
2021-11-03 11:05:37,343 Mean IoU score: 0.813
2021-11-03 11:05:37,343 => saving checkpoint to out
2021-11-03 11:05:42,675 Epoch: [5][0/200]	Time 5.301s (5.301s)	Speed 6.0 samples/s	Data 4.270s (4.270s)	Loss 0.01843 (0.01843)
2021-11-03 11:05:47,518 Epoch: [5][10/200]	Time 0.469s (0.922s)	Speed 68.3 samples/s	Data 0.000s (0.388s)	Loss 0.01701 (0.02028)
2021-11-03 11:05:52,220 Epoch: [5][20/200]	Time 0.437s (0.707s)	Speed 73.2 samples/s	Data 0.000s (0.204s)	Loss 0.02058 (0.02083)
2021-11-03 11:05:56,989 Epoch: [5][30/200]	Time 0.500s (0.633s)	Speed 64.0 samples/s	Data 0.000s (0.139s)	Loss 0.02526 (0.02062)
2021-11-03 11:06:00,985 Epoch: [5][40/200]	Time 0.344s (0.576s)	Speed 93.1 samples/s	Data 0.000s (0.105s)	Loss 0.01873 (0.02037)
2021-11-03 11:06:04,624 Epoch: [5][50/200]	Time 0.375s (0.534s)	Speed 85.4 samples/s	Data 0.000s (0.085s)	Loss 0.02157 (0.02016)
2021-11-03 11:06:08,170 Epoch: [5][60/200]	Time 0.344s (0.505s)	Speed 93.1 samples/s	Data 0.000s (0.071s)	Loss 0.01414 (0.01978)
2021-11-03 11:06:11,669 Epoch: [5][70/200]	Time 0.344s (0.483s)	Speed 93.1 samples/s	Data 0.000s (0.061s)	Loss 0.01737 (0.01952)
2021-11-03 11:06:15,059 Epoch: [5][80/200]	Time 0.344s (0.465s)	Speed 93.1 samples/s	Data 0.000s (0.054s)	Loss 0.01810 (0.01933)
2021-11-03 11:06:18,839 Epoch: [5][90/200]	Time 0.359s (0.456s)	Speed 89.1 samples/s	Data 0.000s (0.048s)	Loss 0.01385 (0.01927)
2021-11-03 11:06:22,367 Epoch: [5][100/200]	Time 0.339s (0.445s)	Speed 94.4 samples/s	Data 0.000s (0.043s)	Loss 0.02029 (0.01919)
2021-11-03 11:06:25,960 Epoch: [5][110/200]	Time 0.375s (0.438s)	Speed 85.4 samples/s	Data 0.016s (0.040s)	Loss 0.02077 (0.01917)
2021-11-03 11:06:29,522 Epoch: [5][120/200]	Time 0.328s (0.431s)	Speed 97.5 samples/s	Data 0.000s (0.037s)	Loss 0.01697 (0.01902)
2021-11-03 11:06:33,188 Epoch: [5][130/200]	Time 0.359s (0.426s)	Speed 89.1 samples/s	Data 0.000s (0.034s)	Loss 0.02346 (0.01911)
2021-11-03 11:06:37,314 Epoch: [5][140/200]	Time 0.387s (0.425s)	Speed 82.7 samples/s	Data 0.000s (0.032s)	Loss 0.01993 (0.01913)
2021-11-03 11:06:42,602 Epoch: [5][150/200]	Time 0.426s (0.432s)	Speed 75.1 samples/s	Data 0.000s (0.030s)	Loss 0.02396 (0.01912)
2021-11-03 11:06:47,773 Epoch: [5][160/200]	Time 0.453s (0.437s)	Speed 70.6 samples/s	Data 0.000s (0.028s)	Loss 0.01968 (0.01903)
2021-11-03 11:06:51,787 Epoch: [5][170/200]	Time 0.406s (0.435s)	Speed 78.8 samples/s	Data 0.000s (0.026s)	Loss 0.01813 (0.01899)
2021-11-03 11:06:55,505 Epoch: [5][180/200]	Time 0.375s (0.432s)	Speed 85.3 samples/s	Data 0.000s (0.025s)	Loss 0.01861 (0.01907)
2021-11-03 11:06:59,004 Epoch: [5][190/200]	Time 0.344s (0.427s)	Speed 93.1 samples/s	Data 0.000s (0.024s)	Loss 0.01693 (0.01914)
2021-11-03 11:07:03,308 Test: [0/200]	Time 0.844 (0.844)	Loss 0.1149 (0.1149)
2021-11-03 11:07:03,621 Test: [10/200]	Time 0.031 (0.105)	Loss 0.0514 (0.0901)
2021-11-03 11:07:03,918 Test: [20/200]	Time 0.031 (0.069)	Loss 0.0823 (0.0896)
2021-11-03 11:07:04,230 Test: [30/200]	Time 0.016 (0.057)	Loss 0.1447 (0.1010)
2021-11-03 11:07:04,558 Test: [40/200]	Time 0.031 (0.051)	Loss 0.0688 (0.1036)
2021-11-03 11:07:04,839 Test: [50/200]	Time 0.031 (0.047)	Loss 0.1413 (0.1039)
2021-11-03 11:07:05,105 Test: [60/200]	Time 0.016 (0.043)	Loss 0.1140 (0.1045)
2021-11-03 11:07:05,448 Test: [70/200]	Time 0.031 (0.042)	Loss 0.0976 (0.1060)
2021-11-03 11:07:05,777 Test: [80/200]	Time 0.016 (0.041)	Loss 0.2103 (0.1047)
2021-11-03 11:07:06,089 Test: [90/200]	Time 0.031 (0.040)	Loss 0.1200 (0.1080)
2021-11-03 11:07:06,370 Test: [100/200]	Time 0.031 (0.039)	Loss 0.1936 (0.1068)
2021-11-03 11:07:06,683 Test: [110/200]	Time 0.047 (0.038)	Loss 0.1912 (0.1077)
2021-11-03 11:07:06,995 Test: [120/200]	Time 0.031 (0.037)	Loss 0.1118 (0.1053)
2021-11-03 11:07:07,276 Test: [130/200]	Time 0.016 (0.037)	Loss 0.0668 (0.1068)
2021-11-03 11:07:07,577 Test: [140/200]	Time 0.016 (0.036)	Loss 0.1505 (0.1065)
2021-11-03 11:07:07,921 Test: [150/200]	Time 0.047 (0.036)	Loss 0.0992 (0.1047)
2021-11-03 11:07:08,231 Test: [160/200]	Time 0.016 (0.036)	Loss 0.1148 (0.1047)
2021-11-03 11:07:08,575 Test: [170/200]	Time 0.031 (0.036)	Loss 0.1380 (0.1038)
2021-11-03 11:07:08,872 Test: [180/200]	Time 0.031 (0.035)	Loss 0.0754 (0.1027)
2021-11-03 11:07:09,169 Test: [190/200]	Time 0.031 (0.035)	Loss 0.0457 (0.1022)
2021-11-03 11:07:10,372 Mean IoU score: 0.765
2021-11-03 11:07:10,372 => saving checkpoint to out
2021-11-03 11:07:14,011 Epoch: [6][0/200]	Time 3.624s (3.624s)	Speed 8.8 samples/s	Data 3.031s (3.031s)	Loss 0.01856 (0.01856)
2021-11-03 11:07:18,120 Epoch: [6][10/200]	Time 0.391s (0.703s)	Speed 81.9 samples/s	Data 0.000s (0.277s)	Loss 0.02143 (0.01801)
2021-11-03 11:07:22,025 Epoch: [6][20/200]	Time 0.406s (0.554s)	Speed 78.8 samples/s	Data 0.000s (0.146s)	Loss 0.01597 (0.01857)
2021-11-03 11:07:25,909 Epoch: [6][30/200]	Time 0.344s (0.501s)	Speed 93.1 samples/s	Data 0.000s (0.100s)	Loss 0.01708 (0.01832)
2021-11-03 11:07:29,658 Epoch: [6][40/200]	Time 0.328s (0.470s)	Speed 97.5 samples/s	Data 0.000s (0.076s)	Loss 0.01836 (0.01805)
2021-11-03 11:07:33,406 Epoch: [6][50/200]	Time 0.422s (0.451s)	Speed 75.9 samples/s	Data 0.000s (0.061s)	Loss 0.01629 (0.01786)
2021-11-03 11:07:37,488 Epoch: [6][60/200]	Time 0.458s (0.444s)	Speed 69.8 samples/s	Data 0.016s (0.052s)	Loss 0.01463 (0.01754)
2021-11-03 11:07:41,238 Epoch: [6][70/200]	Time 0.344s (0.435s)	Speed 93.1 samples/s	Data 0.000s (0.044s)	Loss 0.01401 (0.01723)
2021-11-03 11:07:44,950 Epoch: [6][80/200]	Time 0.344s (0.427s)	Speed 93.1 samples/s	Data 0.000s (0.039s)	Loss 0.01436 (0.01708)
2021-11-03 11:07:48,511 Epoch: [6][90/200]	Time 0.344s (0.419s)	Speed 93.1 samples/s	Data 0.000s (0.035s)	Loss 0.01664 (0.01690)
2021-11-03 11:07:52,120 Epoch: [6][100/200]	Time 0.344s (0.413s)	Speed 93.1 samples/s	Data 0.000s (0.031s)	Loss 0.01548 (0.01682)
2021-11-03 11:07:55,827 Epoch: [6][110/200]	Time 0.359s (0.409s)	Speed 89.1 samples/s	Data 0.000s (0.028s)	Loss 0.01296 (0.01665)
2021-11-03 11:08:01,138 Epoch: [6][120/200]	Time 0.609s (0.419s)	Speed 52.5 samples/s	Data 0.000s (0.026s)	Loss 0.01628 (0.01652)
2021-11-03 11:08:06,758 Epoch: [6][130/200]	Time 0.625s (0.430s)	Speed 51.2 samples/s	Data 0.000s (0.025s)	Loss 0.01181 (0.01634)
2021-11-03 11:08:12,798 Epoch: [6][140/200]	Time 0.500s (0.443s)	Speed 64.0 samples/s	Data 0.016s (0.023s)	Loss 0.01377 (0.01624)
2021-11-03 11:08:17,720 Epoch: [6][150/200]	Time 0.437s (0.446s)	Speed 73.2 samples/s	Data 0.000s (0.022s)	Loss 0.01617 (0.01617)
2021-11-03 11:08:22,657 Epoch: [6][160/200]	Time 0.500s (0.449s)	Speed 64.0 samples/s	Data 0.000s (0.020s)	Loss 0.01945 (0.01619)
2021-11-03 11:08:28,125 Epoch: [6][170/200]	Time 0.531s (0.455s)	Speed 60.2 samples/s	Data 0.000s (0.019s)	Loss 0.01559 (0.01612)
2021-11-03 11:08:33,170 Epoch: [6][180/200]	Time 0.484s (0.457s)	Speed 66.1 samples/s	Data 0.000s (0.018s)	Loss 0.01133 (0.01611)
2021-11-03 11:08:38,237 Epoch: [6][190/200]	Time 0.531s (0.460s)	Speed 60.2 samples/s	Data 0.000s (0.017s)	Loss 0.01578 (0.01606)
2021-11-03 11:08:44,700 Test: [0/200]	Time 1.062 (1.062)	Loss 0.0734 (0.0734)
2021-11-03 11:08:45,122 Test: [10/200]	Time 0.047 (0.135)	Loss 0.0145 (0.0578)
2021-11-03 11:08:45,590 Test: [20/200]	Time 0.062 (0.093)	Loss 0.0350 (0.0624)
2021-11-03 11:08:46,059 Test: [30/200]	Time 0.062 (0.078)	Loss 0.0735 (0.0650)
2021-11-03 11:08:46,496 Test: [40/200]	Time 0.047 (0.070)	Loss 0.0569 (0.0659)
2021-11-03 11:08:46,934 Test: [50/200]	Time 0.031 (0.065)	Loss 0.1194 (0.0663)
2021-11-03 11:08:47,355 Test: [60/200]	Time 0.031 (0.061)	Loss 0.0898 (0.0677)
2021-11-03 11:08:47,777 Test: [70/200]	Time 0.031 (0.058)	Loss 0.0518 (0.0669)
2021-11-03 11:08:48,215 Test: [80/200]	Time 0.047 (0.057)	Loss 0.0733 (0.0653)
2021-11-03 11:08:48,652 Test: [90/200]	Time 0.031 (0.055)	Loss 0.1017 (0.0674)
2021-11-03 11:08:49,074 Test: [100/200]	Time 0.047 (0.054)	Loss 0.0823 (0.0667)
2021-11-03 11:08:49,511 Test: [110/200]	Time 0.047 (0.053)	Loss 0.1149 (0.0673)
2021-11-03 11:08:49,933 Test: [120/200]	Time 0.047 (0.052)	Loss 0.0605 (0.0658)
2021-11-03 11:08:50,386 Test: [130/200]	Time 0.078 (0.052)	Loss 0.0658 (0.0662)
2021-11-03 11:08:50,808 Test: [140/200]	Time 0.031 (0.051)	Loss 0.0575 (0.0656)
2021-11-03 11:08:51,214 Test: [150/200]	Time 0.047 (0.050)	Loss 0.0547 (0.0647)
2021-11-03 11:08:51,604 Test: [160/200]	Time 0.031 (0.049)	Loss 0.0729 (0.0644)
2021-11-03 11:08:51,995 Test: [170/200]	Time 0.016 (0.049)	Loss 0.0601 (0.0640)
2021-11-03 11:08:52,454 Test: [180/200]	Time 0.047 (0.049)	Loss 0.0503 (0.0635)
2021-11-03 11:08:52,922 Test: [190/200]	Time 0.047 (0.049)	Loss 0.0340 (0.0634)
2021-11-03 11:08:55,219 Mean IoU score: 0.848
2021-11-03 11:08:55,219 => saving checkpoint to out
2021-11-03 11:08:59,983 Epoch: [7][0/200]	Time 4.718s (4.718s)	Speed 6.8 samples/s	Data 4.218s (4.218s)	Loss 0.01430 (0.01430)
2021-11-03 11:09:05,137 Epoch: [7][10/200]	Time 0.469s (0.897s)	Speed 68.3 samples/s	Data 0.000s (0.383s)	Loss 0.01359 (0.01474)
2021-11-03 11:09:09,581 Epoch: [7][20/200]	Time 0.375s (0.682s)	Speed 85.4 samples/s	Data 0.000s (0.201s)	Loss 0.01719 (0.01483)
2021-11-03 11:09:13,596 Epoch: [7][30/200]	Time 0.375s (0.591s)	Speed 85.4 samples/s	Data 0.000s (0.136s)	Loss 0.01603 (0.01450)
2021-11-03 11:09:18,146 Epoch: [7][40/200]	Time 0.454s (0.558s)	Speed 70.4 samples/s	Data 0.001s (0.103s)	Loss 0.01035 (0.01438)
2021-11-03 11:09:22,818 Epoch: [7][50/200]	Time 0.426s (0.540s)	Speed 75.1 samples/s	Data 0.000s (0.083s)	Loss 0.01369 (0.01420)
2021-11-03 11:09:27,727 Epoch: [7][60/200]	Time 0.489s (0.532s)	Speed 65.5 samples/s	Data 0.001s (0.069s)	Loss 0.01281 (0.01412)
2021-11-03 11:09:32,227 Epoch: [7][70/200]	Time 0.470s (0.521s)	Speed 68.0 samples/s	Data 0.000s (0.060s)	Loss 0.01126 (0.01393)
2021-11-03 11:09:36,804 Epoch: [7][80/200]	Time 0.418s (0.513s)	Speed 76.5 samples/s	Data 0.000s (0.052s)	Loss 0.01150 (0.01391)
2021-11-03 11:09:40,965 Epoch: [7][90/200]	Time 0.362s (0.502s)	Speed 88.4 samples/s	Data 0.001s (0.047s)	Loss 0.01581 (0.01376)
2021-11-03 11:09:45,193 Epoch: [7][100/200]	Time 0.460s (0.494s)	Speed 69.6 samples/s	Data 0.000s (0.043s)	Loss 0.01579 (0.01383)
2021-11-03 11:09:50,020 Epoch: [7][110/200]	Time 0.548s (0.493s)	Speed 58.4 samples/s	Data 0.000s (0.039s)	Loss 0.00999 (0.01376)
2021-11-03 11:09:54,736 Epoch: [7][120/200]	Time 0.478s (0.491s)	Speed 67.0 samples/s	Data 0.001s (0.036s)	Loss 0.01323 (0.01385)
2021-11-03 11:09:59,546 Epoch: [7][130/200]	Time 0.497s (0.491s)	Speed 64.4 samples/s	Data 0.000s (0.033s)	Loss 0.01261 (0.01384)
2021-11-03 11:10:04,432 Epoch: [7][140/200]	Time 0.477s (0.491s)	Speed 67.1 samples/s	Data 0.000s (0.031s)	Loss 0.01652 (0.01379)
2021-11-03 11:10:08,337 Epoch: [7][150/200]	Time 0.375s (0.484s)	Speed 85.4 samples/s	Data 0.000s (0.029s)	Loss 0.01185 (0.01372)
2021-11-03 11:10:12,635 Epoch: [7][160/200]	Time 0.449s (0.481s)	Speed 71.2 samples/s	Data 0.002s (0.027s)	Loss 0.01502 (0.01366)
2021-11-03 11:10:16,775 Epoch: [7][170/200]	Time 0.359s (0.477s)	Speed 89.1 samples/s	Data 0.000s (0.026s)	Loss 0.01438 (0.01365)
2021-11-03 11:10:20,658 Epoch: [7][180/200]	Time 0.406s (0.472s)	Speed 78.8 samples/s	Data 0.000s (0.024s)	Loss 0.01237 (0.01363)
2021-11-03 11:10:25,033 Epoch: [7][190/200]	Time 0.453s (0.470s)	Speed 70.6 samples/s	Data 0.000s (0.023s)	Loss 0.01213 (0.01365)
2021-11-03 11:10:29,407 Test: [0/200]	Time 0.906 (0.906)	Loss 0.0820 (0.0820)
2021-11-03 11:10:29,719 Test: [10/200]	Time 0.031 (0.111)	Loss 0.0257 (0.0598)
2021-11-03 11:10:30,016 Test: [20/200]	Time 0.031 (0.072)	Loss 0.0301 (0.0600)
2021-11-03 11:10:30,328 Test: [30/200]	Time 0.031 (0.059)	Loss 0.0779 (0.0616)
2021-11-03 11:10:30,610 Test: [40/200]	Time 0.016 (0.051)	Loss 0.0533 (0.0624)
2021-11-03 11:10:30,922 Test: [50/200]	Time 0.031 (0.047)	Loss 0.1171 (0.0624)
2021-11-03 11:10:31,234 Test: [60/200]	Time 0.031 (0.045)	Loss 0.0810 (0.0645)
2021-11-03 11:10:31,531 Test: [70/200]	Time 0.031 (0.043)	Loss 0.0460 (0.0645)
2021-11-03 11:10:31,875 Test: [80/200]	Time 0.031 (0.042)	Loss 0.0755 (0.0626)
2021-11-03 11:10:32,187 Test: [90/200]	Time 0.031 (0.041)	Loss 0.0888 (0.0639)
2021-11-03 11:10:32,500 Test: [100/200]	Time 0.031 (0.040)	Loss 0.0985 (0.0635)
2021-11-03 11:10:32,812 Test: [110/200]	Time 0.031 (0.039)	Loss 0.1247 (0.0641)
2021-11-03 11:10:33,156 Test: [120/200]	Time 0.031 (0.038)	Loss 0.0625 (0.0631)
2021-11-03 11:10:33,490 Test: [130/200]	Time 0.031 (0.038)	Loss 0.0553 (0.0633)
2021-11-03 11:10:33,787 Test: [140/200]	Time 0.031 (0.037)	Loss 0.0603 (0.0629)
2021-11-03 11:10:34,100 Test: [150/200]	Time 0.031 (0.037)	Loss 0.0533 (0.0619)
2021-11-03 11:10:34,412 Test: [160/200]	Time 0.016 (0.037)	Loss 0.0661 (0.0618)
2021-11-03 11:10:34,693 Test: [170/200]	Time 0.016 (0.036)	Loss 0.0525 (0.0613)
2021-11-03 11:10:34,990 Test: [180/200]	Time 0.016 (0.036)	Loss 0.0379 (0.0609)
2021-11-03 11:10:35,302 Test: [190/200]	Time 0.031 (0.036)	Loss 0.0294 (0.0606)
2021-11-03 11:10:36,490 Mean IoU score: 0.856
2021-11-03 11:10:36,490 => saving checkpoint to out
2021-11-03 11:10:40,361 Epoch: [8][0/200]	Time 3.856s (3.856s)	Speed 8.3 samples/s	Data 3.309s (3.309s)	Loss 0.01217 (0.01217)
2021-11-03 11:10:45,047 Epoch: [8][10/200]	Time 0.406s (0.777s)	Speed 78.8 samples/s	Data 0.000s (0.305s)	Loss 0.01056 (0.01190)
2021-11-03 11:10:48,999 Epoch: [8][20/200]	Time 0.359s (0.595s)	Speed 89.1 samples/s	Data 0.000s (0.160s)	Loss 0.01175 (0.01232)
2021-11-03 11:10:53,180 Epoch: [8][30/200]	Time 0.344s (0.538s)	Speed 93.1 samples/s	Data 0.000s (0.109s)	Loss 0.01167 (0.01223)
2021-11-03 11:10:56,773 Epoch: [8][40/200]	Time 0.344s (0.494s)	Speed 93.1 samples/s	Data 0.016s (0.083s)	Loss 0.00955 (0.01211)
2021-11-03 11:11:01,084 Epoch: [8][50/200]	Time 0.406s (0.482s)	Speed 78.8 samples/s	Data 0.000s (0.067s)	Loss 0.01199 (0.01220)
2021-11-03 11:11:04,818 Epoch: [8][60/200]	Time 0.328s (0.464s)	Speed 97.5 samples/s	Data 0.000s (0.056s)	Loss 0.01292 (0.01213)
2021-11-03 11:11:08,255 Epoch: [8][70/200]	Time 0.391s (0.447s)	Speed 81.9 samples/s	Data 0.000s (0.048s)	Loss 0.01200 (0.01203)
2021-11-03 11:11:12,270 Epoch: [8][80/200]	Time 0.516s (0.442s)	Speed 62.1 samples/s	Data 0.000s (0.042s)	Loss 0.00931 (0.01193)
2021-11-03 11:11:16,300 Epoch: [8][90/200]	Time 0.453s (0.437s)	Speed 70.6 samples/s	Data 0.000s (0.038s)	Loss 0.00917 (0.01179)
2021-11-03 11:11:20,221 Epoch: [8][100/200]	Time 0.406s (0.433s)	Speed 78.8 samples/s	Data 0.000s (0.034s)	Loss 0.01224 (0.01182)
2021-11-03 11:11:25,403 Epoch: [8][110/200]	Time 0.391s (0.441s)	Speed 81.9 samples/s	Data 0.000s (0.031s)	Loss 0.01339 (0.01181)
2021-11-03 11:11:29,136 Epoch: [8][120/200]	Time 0.437s (0.435s)	Speed 73.2 samples/s	Data 0.000s (0.029s)	Loss 0.01198 (0.01188)
2021-11-03 11:11:32,760 Epoch: [8][130/200]	Time 0.453s (0.429s)	Speed 70.6 samples/s	Data 0.000s (0.027s)	Loss 0.00870 (0.01188)
2021-11-03 11:11:36,416 Epoch: [8][140/200]	Time 0.344s (0.425s)	Speed 93.1 samples/s	Data 0.000s (0.025s)	Loss 0.01427 (0.01193)
2021-11-03 11:11:40,470 Epoch: [8][150/200]	Time 0.422s (0.424s)	Speed 75.9 samples/s	Data 0.000s (0.023s)	Loss 0.01043 (0.01188)
2021-11-03 11:11:45,613 Epoch: [8][160/200]	Time 0.499s (0.429s)	Speed 64.1 samples/s	Data 0.001s (0.022s)	Loss 0.01290 (0.01191)
2021-11-03 11:11:50,207 Epoch: [8][170/200]	Time 0.592s (0.431s)	Speed 54.1 samples/s	Data 0.001s (0.021s)	Loss 0.01135 (0.01192)
2021-11-03 11:11:55,506 Epoch: [8][180/200]	Time 0.503s (0.436s)	Speed 63.6 samples/s	Data 0.002s (0.020s)	Loss 0.01428 (0.01192)
2021-11-03 11:12:00,292 Epoch: [8][190/200]	Time 0.460s (0.439s)	Speed 69.5 samples/s	Data 0.001s (0.019s)	Loss 0.01253 (0.01186)
2021-11-03 11:12:05,909 Test: [0/200]	Time 1.023 (1.023)	Loss 0.0784 (0.0784)
2021-11-03 11:12:06,304 Test: [10/200]	Time 0.031 (0.129)	Loss 0.0337 (0.0574)
2021-11-03 11:12:06,866 Test: [20/200]	Time 0.063 (0.094)	Loss 0.0324 (0.0577)
2021-11-03 11:12:07,425 Test: [30/200]	Time 0.066 (0.082)	Loss 0.0652 (0.0599)
2021-11-03 11:12:07,821 Test: [40/200]	Time 0.040 (0.072)	Loss 0.0623 (0.0616)
2021-11-03 11:12:08,317 Test: [50/200]	Time 0.040 (0.067)	Loss 0.1064 (0.0610)
2021-11-03 11:12:08,741 Test: [60/200]	Time 0.032 (0.063)	Loss 0.0737 (0.0623)
2021-11-03 11:12:09,125 Test: [70/200]	Time 0.034 (0.060)	Loss 0.0396 (0.0622)
2021-11-03 11:12:09,516 Test: [80/200]	Time 0.041 (0.057)	Loss 0.0669 (0.0606)
2021-11-03 11:12:09,940 Test: [90/200]	Time 0.040 (0.056)	Loss 0.0913 (0.0623)
2021-11-03 11:12:10,419 Test: [100/200]	Time 0.053 (0.055)	Loss 0.0800 (0.0616)
2021-11-03 11:12:10,867 Test: [110/200]	Time 0.042 (0.054)	Loss 0.1384 (0.0624)
2021-11-03 11:12:11,258 Test: [120/200]	Time 0.046 (0.053)	Loss 0.0548 (0.0613)
2021-11-03 11:12:11,690 Test: [130/200]	Time 0.048 (0.052)	Loss 0.0466 (0.0616)
2021-11-03 11:12:12,216 Test: [140/200]	Time 0.060 (0.052)	Loss 0.0590 (0.0612)
2021-11-03 11:12:12,724 Test: [150/200]	Time 0.041 (0.052)	Loss 0.0566 (0.0603)
2021-11-03 11:12:13,220 Test: [160/200]	Time 0.040 (0.052)	Loss 0.0643 (0.0603)
2021-11-03 11:12:13,722 Test: [170/200]	Time 0.083 (0.052)	Loss 0.0425 (0.0599)
2021-11-03 11:12:14,275 Test: [180/200]	Time 0.046 (0.052)	Loss 0.0407 (0.0595)
2021-11-03 11:12:14,902 Test: [190/200]	Time 0.052 (0.052)	Loss 0.0266 (0.0593)
2021-11-03 11:12:16,610 Mean IoU score: 0.857
2021-11-03 11:12:16,619 => saving checkpoint to out
2021-11-03 11:12:22,489 Epoch: [9][0/200]	Time 5.834s (5.834s)	Speed 5.5 samples/s	Data 4.436s (4.436s)	Loss 0.01113 (0.01113)
2021-11-03 11:12:27,940 Epoch: [9][10/200]	Time 0.394s (1.026s)	Speed 81.1 samples/s	Data 0.001s (0.405s)	Loss 0.00996 (0.01083)
2021-11-03 11:12:32,485 Epoch: [9][20/200]	Time 0.408s (0.754s)	Speed 78.5 samples/s	Data 0.001s (0.212s)	Loss 0.01566 (0.01109)
2021-11-03 11:12:37,045 Epoch: [9][30/200]	Time 0.476s (0.658s)	Speed 67.2 samples/s	Data 0.000s (0.144s)	Loss 0.01019 (0.01110)
2021-11-03 11:12:42,030 Epoch: [9][40/200]	Time 0.460s (0.619s)	Speed 69.6 samples/s	Data 0.001s (0.109s)	Loss 0.01116 (0.01110)
2021-11-03 11:12:46,873 Epoch: [9][50/200]	Time 0.474s (0.593s)	Speed 67.5 samples/s	Data 0.001s (0.088s)	Loss 0.00784 (0.01094)
2021-11-03 11:12:51,574 Epoch: [9][60/200]	Time 0.628s (0.572s)	Speed 50.9 samples/s	Data 0.001s (0.074s)	Loss 0.01122 (0.01078)
2021-11-03 11:12:56,487 Epoch: [9][70/200]	Time 0.490s (0.561s)	Speed 65.3 samples/s	Data 0.001s (0.064s)	Loss 0.01071 (0.01080)
2021-11-03 11:13:01,436 Epoch: [9][80/200]	Time 0.535s (0.553s)	Speed 59.9 samples/s	Data 0.001s (0.056s)	Loss 0.00785 (0.01084)
2021-11-03 11:13:06,248 Epoch: [9][90/200]	Time 0.496s (0.545s)	Speed 64.5 samples/s	Data 0.000s (0.050s)	Loss 0.01140 (0.01075)
2021-11-03 11:13:10,547 Epoch: [9][100/200]	Time 0.391s (0.534s)	Speed 81.9 samples/s	Data 0.000s (0.045s)	Loss 0.01556 (0.01080)
2021-11-03 11:13:14,484 Epoch: [9][110/200]	Time 0.375s (0.521s)	Speed 85.3 samples/s	Data 0.000s (0.041s)	Loss 0.01150 (0.01075)
2021-11-03 11:13:18,562 Epoch: [9][120/200]	Time 0.422s (0.512s)	Speed 75.9 samples/s	Data 0.000s (0.038s)	Loss 0.00974 (0.01066)
2021-11-03 11:13:23,820 Epoch: [9][130/200]	Time 0.542s (0.513s)	Speed 59.1 samples/s	Data 0.001s (0.035s)	Loss 0.00780 (0.01068)
2021-11-03 11:13:29,041 Epoch: [9][140/200]	Time 0.413s (0.513s)	Speed 77.4 samples/s	Data 0.001s (0.033s)	Loss 0.01155 (0.01070)
2021-11-03 11:13:33,047 Epoch: [9][150/200]	Time 0.461s (0.506s)	Speed 69.4 samples/s	Data 0.001s (0.031s)	Loss 0.00917 (0.01071)
2021-11-03 11:13:37,798 Epoch: [9][160/200]	Time 0.562s (0.504s)	Speed 56.9 samples/s	Data 0.002s (0.029s)	Loss 0.01174 (0.01072)
2021-11-03 11:13:41,869 Epoch: [9][170/200]	Time 0.406s (0.498s)	Speed 78.8 samples/s	Data 0.000s (0.027s)	Loss 0.01089 (0.01068)
2021-11-03 11:13:45,940 Epoch: [9][180/200]	Time 0.375s (0.493s)	Speed 85.4 samples/s	Data 0.000s (0.026s)	Loss 0.01077 (0.01067)
2021-11-03 11:13:49,798 Epoch: [9][190/200]	Time 0.328s (0.488s)	Speed 97.5 samples/s	Data 0.000s (0.024s)	Loss 0.00803 (0.01063)
2021-11-03 11:13:54,397 Test: [0/200]	Time 0.854 (0.854)	Loss 0.0720 (0.0720)
2021-11-03 11:13:54,709 Test: [10/200]	Time 0.016 (0.106)	Loss 0.0376 (0.0546)
2021-11-03 11:13:55,037 Test: [20/200]	Time 0.031 (0.071)	Loss 0.0290 (0.0557)
2021-11-03 11:13:55,350 Test: [30/200]	Time 0.031 (0.058)	Loss 0.0664 (0.0591)
2021-11-03 11:13:55,662 Test: [40/200]	Time 0.031 (0.052)	Loss 0.0461 (0.0606)
2021-11-03 11:13:55,943 Test: [50/200]	Time 0.016 (0.047)	Loss 0.1117 (0.0601)
2021-11-03 11:13:56,271 Test: [60/200]	Time 0.031 (0.045)	Loss 0.0703 (0.0614)
2021-11-03 11:13:56,568 Test: [70/200]	Time 0.031 (0.043)	Loss 0.0362 (0.0613)
2021-11-03 11:13:56,881 Test: [80/200]	Time 0.031 (0.041)	Loss 0.0865 (0.0600)
2021-11-03 11:13:57,240 Test: [90/200]	Time 0.047 (0.041)	Loss 0.1020 (0.0621)
2021-11-03 11:13:57,552 Test: [100/200]	Time 0.031 (0.040)	Loss 0.0658 (0.0612)
2021-11-03 11:13:57,865 Test: [110/200]	Time 0.031 (0.039)	Loss 0.1372 (0.0621)
2021-11-03 11:13:58,177 Test: [120/200]	Time 0.031 (0.038)	Loss 0.0512 (0.0608)
2021-11-03 11:13:58,490 Test: [130/200]	Time 0.031 (0.038)	Loss 0.0501 (0.0613)
2021-11-03 11:13:58,771 Test: [140/200]	Time 0.031 (0.037)	Loss 0.0706 (0.0610)
2021-11-03 11:13:59,099 Test: [150/200]	Time 0.031 (0.037)	Loss 0.0512 (0.0600)
2021-11-03 11:13:59,458 Test: [160/200]	Time 0.031 (0.037)	Loss 0.0700 (0.0600)
2021-11-03 11:13:59,786 Test: [170/200]	Time 0.047 (0.037)	Loss 0.0523 (0.0595)
2021-11-03 11:14:00,114 Test: [180/200]	Time 0.031 (0.036)	Loss 0.0408 (0.0590)
2021-11-03 11:14:00,427 Test: [190/200]	Time 0.047 (0.036)	Loss 0.0260 (0.0587)
2021-11-03 11:14:01,692 Mean IoU score: 0.858
2021-11-03 11:14:01,692 => saving checkpoint to out
2021-11-03 11:14:06,972 Epoch: [10][0/200]	Time 5.249s (5.249s)	Speed 6.1 samples/s	Data 4.077s (4.077s)	Loss 0.00805 (0.00805)
2021-11-03 11:14:11,782 Epoch: [10][10/200]	Time 0.437s (0.914s)	Speed 73.2 samples/s	Data 0.000s (0.371s)	Loss 0.00867 (0.00944)
2021-11-03 11:14:16,288 Epoch: [10][20/200]	Time 0.453s (0.694s)	Speed 70.6 samples/s	Data 0.000s (0.194s)	Loss 0.00973 (0.00911)
2021-11-03 11:14:20,787 Epoch: [10][30/200]	Time 0.453s (0.615s)	Speed 70.6 samples/s	Data 0.000s (0.133s)	Loss 0.01033 (0.00933)
2021-11-03 11:14:24,442 Epoch: [10][40/200]	Time 0.375s (0.554s)	Speed 85.4 samples/s	Data 0.000s (0.100s)	Loss 0.00779 (0.00956)
2021-11-03 11:14:28,159 Epoch: [10][50/200]	Time 0.375s (0.518s)	Speed 85.4 samples/s	Data 0.000s (0.081s)	Loss 0.01222 (0.00956)
2021-11-03 11:14:31,893 Epoch: [10][60/200]	Time 0.359s (0.495s)	Speed 89.1 samples/s	Data 0.000s (0.068s)	Loss 0.01306 (0.00959)
